<?xml version="1.0" encoding="UTF-8"?>
<testng-results ignored="0" total="1" passed="1" failed="0" skipped="0">
  <reporter-output>
  </reporter-output>
  <suite started-at="2025-10-15T21:29:16 IST" name="Default suite" finished-at="2025-10-15T21:29:23 IST" duration-ms="7385">
    <groups>
    </groups>
    <test started-at="2025-10-15T21:29:16 IST" name="Default test" finished-at="2025-10-15T21:29:23 IST" duration-ms="7385">
      <class name="boltech.MySeleniumTest">
        <test-method is-config="true" signature="setup()[pri:0, instance:boltech.MySeleniumTest@f5958c9]" started-at="2025-10-15T21:29:16 IST" name="setup" finished-at="2025-10-15T21:29:19 IST" duration-ms="3186" status="PASS">
          <reporter-output>
          </reporter-output>
        </test-method> <!-- setup -->
        <test-method signature="verifyGoogleTitle()[pri:0, instance:boltech.MySeleniumTest@f5958c9]" started-at="2025-10-15T21:29:19 IST" name="verifyGoogleTitle" finished-at="2025-10-15T21:29:23 IST" duration-ms="3853" status="PASS">
          <reporter-output>
          </reporter-output>
        </test-method> <!-- verifyGoogleTitle -->
        <test-method is-config="true" signature="tearDown()[pri:0, instance:boltech.MySeleniumTest@f5958c9]" started-at="2025-10-15T21:29:23 IST" name="tearDown" finished-at="2025-10-15T21:29:23 IST" duration-ms="251" status="PASS">
          <reporter-output>
          </reporter-output>
        </test-method> <!-- tearDown -->
      </class> <!-- boltech.MySeleniumTest -->
    </test> <!-- Default test -->
  </suite> <!-- Default suite -->
</testng-results>
